<?xml version="1.0" encoding="UTF-8"?>
<!-- Generated by org.testng.reporters.JUnitReportReporter -->
<testsuite hostname="LIN80024688" failures="0" tests="1" name="com.testng.RetrivingDataFromWebTable" time="26.764" errors="0" timestamp="29 May 2022 16:37:59 GMT" skipped="0">
  <testcase classname="com.testng.RetrivingDataFromWebTable" name="readTableDataInListOfMap" time="26.764"/>
</testsuite> <!-- com.testng.RetrivingDataFromWebTable -->
